You are using YYP Maker v1.1.5, released in 14-08-2022



[02-09-2023 16:07:54] Initialized GameMaker Project: Projeto Limpo.yyp
[02-09-2023 16:07:54] Current parent directory: C:/Users/dexem/Documents/Dev/Jogo Game Maker/Projeto Limpo/animcurves
[02-09-2023 16:07:54] Current parent directory: C:/Users/dexem/Documents/Dev/Jogo Game Maker/Projeto Limpo/extensions
[02-09-2023 16:07:54] Current parent directory: C:/Users/dexem/Documents/Dev/Jogo Game Maker/Projeto Limpo/fonts
[02-09-2023 16:07:54] Current parent directory: C:/Users/dexem/Documents/Dev/Jogo Game Maker/Projeto Limpo/notes
[02-09-2023 16:07:54] Current parent directory: C:/Users/dexem/Documents/Dev/Jogo Game Maker/Projeto Limpo/objects
[02-09-2023 16:07:54] Current parent directory: C:/Users/dexem/Documents/Dev/Jogo Game Maker/Projeto Limpo/options
[02-09-2023 16:07:54] Current parent directory: C:/Users/dexem/Documents/Dev/Jogo Game Maker/Projeto Limpo/paths
[02-09-2023 16:07:54] Current parent directory: C:/Users/dexem/Documents/Dev/Jogo Game Maker/Projeto Limpo/rooms
[02-09-2023 16:07:54] Current parent directory: C:/Users/dexem/Documents/Dev/Jogo Game Maker/Projeto Limpo/scripts
[02-09-2023 16:07:54] Current parent directory: C:/Users/dexem/Documents/Dev/Jogo Game Maker/Projeto Limpo/sequences
[02-09-2023 16:07:54] Current parent directory: C:/Users/dexem/Documents/Dev/Jogo Game Maker/Projeto Limpo/shaders
[02-09-2023 16:07:54] Current parent directory: C:/Users/dexem/Documents/Dev/Jogo Game Maker/Projeto Limpo/sounds
[02-09-2023 16:07:54] Current parent directory: C:/Users/dexem/Documents/Dev/Jogo Game Maker/Projeto Limpo/sprites
[02-09-2023 16:07:54] Current parent directory: C:/Users/dexem/Documents/Dev/Jogo Game Maker/Projeto Limpo/tilesets
[02-09-2023 16:07:54] Current parent directory: C:/Users/dexem/Documents/Dev/Jogo Game Maker/Projeto Limpo/timelines
[02-09-2023 16:07:54] Moving files to trash...
[02-09-2023 16:07:54] Files yeeted successfully!
[02-09-2023 16:07:54] Generating YYP...
[02-09-2023 16:07:54] Projeto Limpo.yyp created successfully!
